Exporter version: 5.4.2, Blender version: 2.79 (sub 0)
========= Conversion from Blender to Babylon.js =========
	Scene settings used:
		selected layers only:  false
		flat shading entire scene:  false
		inline textures:  false
		texture directory:  C:\Users\Dennis Marchuk\WebstormProjects\public_html\csci305\materials\
	Python World class constructor completed
	processing begun of camera (UniversalCamera):  Camera
		animation processing begun
			processing action CameraAction:  in[150 - 210], out[0 - 210]
	processing begun of mesh:  Text
		processing begun of Standard material:  Material.004
		processing begun of Standard material:  Material.003
		processing begun of Standard material:  Material.002
		processing begun of Standard material:  Material.001
		processing begun of multimaterial:  correctlogowithanimationtwosided.Multimaterial#0
		num positions      :  214
		num normals        :  214
		num uvs            :  0
		num uvs2           :  0
		num colors         :  0
		num indices        :  558
	processing begun of light (SPOT):  Spot
========= Writing of scene file started =========
========= Writing of scene file completed =========
========= end of processing =========
elapsed time:  0 min, 0.0501 secs
